\BOOKMARK [1][-]{section.1}{Introduction}{}% 1
\BOOKMARK [1][-]{section.2}{Ouverture de 1m}{}% 2
\BOOKMARK [2][-]{subsection.2.1}{Le Walsh}{section.2}% 3
\BOOKMARK [2][-]{subsection.2.2}{La s\351quence 1C - 1D}{section.2}% 4
\BOOKMARK [2][-]{subsection.2.3}{La s\351quence 1C - 1M}{section.2}% 5
\BOOKMARK [2][-]{subsection.2.4}{La s\351quence 1m - 1M}{section.2}% 6
\BOOKMARK [2][-]{subsection.2.5}{La s\351quence 1m - 2H}{section.2}% 7
\BOOKMARK [2][-]{subsection.2.6}{La s\351quence 1m - 2S}{section.2}% 8
\BOOKMARK [2][-]{subsection.2.7}{La s\351quence 1D - 2C}{section.2}% 9
\BOOKMARK [2][-]{subsection.2.8}{Le fit mineur invers\351}{section.2}% 10
\BOOKMARK [3][-]{subsubsection.2.8.1}{Soutien au niveau de 3}{subsection.2.8}% 11
\BOOKMARK [3][-]{subsubsection.2.8.2}{Apr\350s interventions}{subsection.2.8}% 12
\BOOKMARK [2][-]{subsection.2.9}{Ench\350re du r\351pondant apr\350s une invers\351e}{section.2}% 13
\BOOKMARK [1][-]{section.3}{Ouverture de 1M}{}% 14
\BOOKMARK [2][-]{subsection.3.1}{Fit limite TODO}{section.3}% 15
\BOOKMARK [2][-]{subsection.3.2}{2NT Fitt\351 par 3 cartes FM TODO finir}{section.3}% 16
\BOOKMARK [2][-]{subsection.3.3}{Le gazzili}{section.3}% 17
\BOOKMARK [1][-]{section.4}{Ouverture de 1NT}{}% 18
\BOOKMARK [2][-]{subsection.4.1}{Stayman}{section.4}% 19
\BOOKMARK [2][-]{subsection.4.2}{1NT - 2D : Texas H TODO}{section.4}% 20
\BOOKMARK [2][-]{subsection.4.3}{1NT - 2H : Texas S TODO}{section.4}% 21
\BOOKMARK [2][-]{subsection.4.4}{1NT-2C : Texas C TODO}{section.4}% 22
\BOOKMARK [2][-]{subsection.4.5}{1NT-2NT : Texas D TODO}{section.4}% 23
\BOOKMARK [1][-]{section.5}{Ouverture de 2C}{}% 24
\BOOKMARK [2][-]{subsection.5.1}{D\351finition}{section.5}% 25
\BOOKMARK [2][-]{subsection.5.2}{Avec les mains TRICOLORES, on reparle toujours sur 3NT.}{section.5}% 26
\BOOKMARK [2][-]{subsection.5.3}{Apr\350s interventions}{section.5}% 27
\BOOKMARK [2][-]{subsection.5.4}{Apr\350s contre}{section.5}% 28
\BOOKMARK [1][-]{section.6}{Ouverture de 2D}{}% 29
\BOOKMARK [2][-]{subsection.6.1}{D\351finition}{section.6}% 30
\BOOKMARK [2][-]{subsection.6.2}{Apr\350s intervention en 2e}{section.6}% 31
\BOOKMARK [3][-]{subsubsection.6.2.1}{Contre}{subsection.6.2}% 32
\BOOKMARK [3][-]{subsubsection.6.2.2}{Passe RAS}{subsection.6.2}% 33
\BOOKMARK [3][-]{subsubsection.6.2.3}{3CDHS Transferts \(Transfert cue - Tricolore court\)}{subsection.6.2}% 34
\BOOKMARK [3][-]{subsubsection.6.2.4}{2NT Bicolore mineur}{subsection.6.2}% 35
\BOOKMARK [3][-]{subsubsection.6.2.5}{Apr\350s 2D - X}{subsection.6.2}% 36
\BOOKMARK [2][-]{subsection.6.3}{Apr\350s intervention en 4e}{section.6}% 37
\BOOKMARK [2][-]{subsection.6.4}{Corollaires \(\340 v\351rifier avec Gazilli !\)}{section.6}% 38
\BOOKMARK [1][-]{section.7}{Ouverture de 2H et 2S}{}% 39
\BOOKMARK [1][-]{section.8}{Ouverture de 2NT}{}% 40
\BOOKMARK [2][-]{subsection.8.1}{Le Puppet Stayman}{section.8}% 41
\BOOKMARK [2][-]{subsection.8.2}{Les Texas}{section.8}% 42
\BOOKMARK [2][-]{subsection.8.3}{Autres r\351ponses}{section.8}% 43
\BOOKMARK [1][-]{section.9}{Les barrages et ouvertures \340 haut palier}{}% 44
\BOOKMARK [2][-]{subsection.9.1}{Namyats 4C/4D}{section.9}% 45
\BOOKMARK [2][-]{subsection.9.2}{3SA}{section.9}% 46
\BOOKMARK [1][-]{section.10}{Ench\350res apr\350s passe}{}% 47
\BOOKMARK [1][-]{section.11}{Ench\350res de chelem}{}% 48
\BOOKMARK [1][-]{section.12}{D\351fense TODO}{}% 49
\BOOKMARK [2][-]{subsection.12.1}{Sur le SA fort}{section.12}% 50
\BOOKMARK [2][-]{subsection.12.2}{Sur le SA faible}{section.12}% 51
\BOOKMARK [1][-]{section.13}{Ench\350res comp\351titives}{}% 52
\BOOKMARK [1][-]{section.14}{Jeu de la carte TODO }{}% 53
