\BOOKMARK [1][-]{section.1}{Ouverture de 2C}{}% 1
\BOOKMARK [2][-]{subsection.1.1}{Description}{section.1}% 2
\BOOKMARK [3][-]{subsubsection.1.1.1}{Avec les mains TRICOLORES, on reparle toujours sur 3NT.}{subsection.1.1}% 3
\BOOKMARK [3][-]{subsubsection.1.1.2}{Apr\350s interventions}{subsection.1.1}% 4
\BOOKMARK [3][-]{subsubsection.1.1.3}{Apr\350s contre}{subsection.1.1}% 5
\BOOKMARK [1][-]{section.2}{Ouverture de 2D}{}% 6
\BOOKMARK [2][-]{subsection.2.1}{Description}{section.2}% 7
\BOOKMARK [2][-]{subsection.2.2}{Apr\350s contre en second}{section.2}% 8
\BOOKMARK [2][-]{subsection.2.3}{Apr\350s contre en quatri\350me}{section.2}% 9
\BOOKMARK [2][-]{subsection.2.4}{Apr\350s Intervention}{section.2}% 10
\BOOKMARK [1][-]{section.3}{Ouverture de 2H}{}% 11
\BOOKMARK [2][-]{subsection.3.1}{Description}{section.3}% 12
\BOOKMARK [2][-]{subsection.3.2}{Apr\350s contre en second}{section.3}% 13
\BOOKMARK [2][-]{subsection.3.3}{Apr\350s contre en quatri\350me}{section.3}% 14
\BOOKMARK [2][-]{subsection.3.4}{Apr\350s Intervention}{section.3}% 15
\BOOKMARK [1][-]{section.4}{Ouverture de 2S}{}% 16
\BOOKMARK [2][-]{subsection.4.1}{Description}{section.4}% 17
\BOOKMARK [2][-]{subsection.4.2}{Apr\350s contre en second}{section.4}% 18
\BOOKMARK [2][-]{subsection.4.3}{Apr\350s contre en quatri\350me}{section.4}% 19
\BOOKMARK [2][-]{subsection.4.4}{Apr\350s Intervention}{section.4}% 20
