\BOOKMARK [1][-]{section.1}{Introduction}{}% 1
\BOOKMARK [1][-]{section.2}{Ouverture de 1m}{}% 2
\BOOKMARK [2][-]{subsection.2.1}{Le Walsh}{section.2}% 3
\BOOKMARK [2][-]{subsection.2.2}{La s\351quence 1C - 1D}{section.2}% 4
\BOOKMARK [2][-]{subsection.2.3}{La s\351quence 1C - 1M}{section.2}% 5
\BOOKMARK [2][-]{subsection.2.4}{La s\351quence 1m - 1M}{section.2}% 6
\BOOKMARK [2][-]{subsection.2.5}{La s\351quence 1m - 2H}{section.2}% 7
\BOOKMARK [2][-]{subsection.2.6}{La s\351quence 1m - 2S}{section.2}% 8
\BOOKMARK [2][-]{subsection.2.7}{La s\351quence 1D - 2C}{section.2}% 9
\BOOKMARK [2][-]{subsection.2.8}{Le fit mineur invers\351}{section.2}% 10
\BOOKMARK [3][-]{subsubsection.2.8.1}{Soutien au niveau de 3}{subsection.2.8}% 11
\BOOKMARK [3][-]{subsubsection.2.8.2}{Apr\350s interventions}{subsection.2.8}% 12
\BOOKMARK [2][-]{subsection.2.9}{Ench\350re du r\351pondant apr\350s une invers\351e}{section.2}% 13
\BOOKMARK [1][-]{section.3}{Ouverture de 1M}{}% 14
\BOOKMARK [2][-]{subsection.3.1}{2NT Fitt\351 par 3 cartes 11+}{section.3}% 15
\BOOKMARK [2][-]{subsection.3.2}{3C Fitt\351 par 4 cartes 11+}{section.3}% 16
\BOOKMARK [2][-]{subsection.3.3}{3D Fitt\351 par 4 cartes 11+}{section.3}% 17
\BOOKMARK [1][-]{section.4}{Ouverture de 1NT}{}% 18
\BOOKMARK [2][-]{subsection.4.1}{D\351veloppements sur le 2C Stayman}{section.4}% 19
\BOOKMARK [2][-]{subsection.4.2}{D\351veloppements sur 2S Texas C}{section.4}% 20
\BOOKMARK [2][-]{subsection.4.3}{D\351veloppements sur 2NT Texas D}{section.4}% 21
\BOOKMARK [1][-]{section.5}{Ouverture de 2C}{}% 22
\BOOKMARK [2][-]{subsection.5.1}{D\351finition}{section.5}% 23
\BOOKMARK [2][-]{subsection.5.2}{Apr\350s intervention}{section.5}% 24
\BOOKMARK [2][-]{subsection.5.3}{Apr\350s contre}{section.5}% 25
\BOOKMARK [1][-]{section.6}{Ouverture de 2H et 2S}{}% 26
\BOOKMARK [1][-]{section.7}{Ouverture de 2NT}{}% 27
\BOOKMARK [2][-]{subsection.7.1}{Le Puppet Stayman}{section.7}% 28
\BOOKMARK [2][-]{subsection.7.2}{Les Texas}{section.7}% 29
\BOOKMARK [2][-]{subsection.7.3}{Autres r\351ponses}{section.7}% 30
\BOOKMARK [1][-]{section.8}{D\351fense sur les ouvertures Multi}{}% 31
\BOOKMARK [2][-]{subsection.8.1}{2C multi \(les deux M faibles ou fort\)}{section.8}% 32
\BOOKMARK [2][-]{subsection.8.2}{2D Multi \(unicolore M faible ou fort\)}{section.8}% 33
\BOOKMARK [1][-]{section.9}{D\351fense sur 1SA}{}% 34
\BOOKMARK [2][-]{subsection.9.1}{Sur le SA fort}{section.9}% 35
\BOOKMARK [2][-]{subsection.9.2}{Sur le SA faible}{section.9}% 36
\BOOKMARK [1][-]{section.10}{Les barrages et ouvertures \340 haut palier}{}% 37
\BOOKMARK [2][-]{subsection.10.1}{Namyats 4C/4D}{section.10}% 38
\BOOKMARK [2][-]{subsection.10.2}{3SA}{section.10}% 39
\BOOKMARK [1][-]{section.11}{Ench\350res apr\350s passe}{}% 40
\BOOKMARK [1][-]{section.12}{Ench\350res de chelem}{}% 41
\BOOKMARK [1][-]{section.13}{Ench\350res comp\351titives}{}% 42
\BOOKMARK [1][-]{section.14}{Jeu de la carte}{}% 43
\BOOKMARK [2][-]{subsection.14.1}{L'entame}{section.14}% 44
\BOOKMARK [3][-]{subsubsection.14.1.1}{Entame \340 SA}{subsection.14.1}% 45
\BOOKMARK [3][-]{subsubsection.14.1.2}{Entame \340 la couleur}{subsection.14.1}% 46
\BOOKMARK [3][-]{subsubsection.14.1.3}{Carte en 3\350me \340 SA}{subsection.14.1}% 47
\BOOKMARK [3][-]{subsubsection.14.1.4}{Signalisation:}{subsection.14.1}% 48
\BOOKMARK [3][-]{subsubsection.14.1.5}{Analyse de la premi\350re lev\351e}{subsection.14.1}% 49
