\BOOKMARK [1][-]{section.1}{\376\377\0001\000\040\000M\000a\000j\000\040\000-\000\040\0002\000N\000T\000\040\000F\000i\000t\000\040\0003\000+}{}% 1
\BOOKMARK [1][-]{section.2}{\376\377\000O\000u\000v\000e\000r\000t\000u\000r\000e\000\040\000d\000e\000\040\0002\000C}{}% 2
\BOOKMARK [2][-]{subsection.2.1}{\376\377\000D\000\351\000f\000i\000n\000i\000t\000i\000o\000n}{section.2}% 3
\BOOKMARK [2][-]{subsection.2.2}{\376\377\000A\000p\000r\000\350\000s\000\040\000i\000n\000t\000e\000r\000v\000e\000n\000t\000i\000o\000n}{section.2}% 4
\BOOKMARK [2][-]{subsection.2.3}{\376\377\000A\000p\000r\000\350\000s\000\040\000c\000o\000n\000t\000r\000e}{section.2}% 5
\BOOKMARK [1][-]{section.3}{\376\377\000O\000u\000v\000e\000r\000t\000u\000r\000e\000\040\000d\000e\000\040\0002\000D}{}% 6
\BOOKMARK [2][-]{subsection.3.1}{\376\377\000D\000e\000s\000c\000r\000i\000p\000t\000i\000o\000n}{section.3}% 7
\BOOKMARK [2][-]{subsection.3.2}{\376\377\000D\000\351\000v\000e\000l\000o\000p\000p\000e\000m\000e\000n\000t\000s}{section.3}% 8
\BOOKMARK [2][-]{subsection.3.3}{\376\377\000A\000p\000r\000\350\000s\000\040\000i\000n\000t\000e\000r\000v\000e\000n\000t\000i\000o\000n}{section.3}% 9
\BOOKMARK [1][-]{section.4}{\376\377\000O\000u\000v\000e\000r\000t\000u\000r\000e\000\040\000d\000e\000\040\0002\000H}{}% 10
\BOOKMARK [2][-]{subsection.4.1}{\376\377\000D\000e\000s\000c\000r\000i\000p\000t\000i\000o\000n}{section.4}% 11
\BOOKMARK [2][-]{subsection.4.2}{\376\377\000D\000\351\000v\000e\000l\000o\000p\000p\000e\000m\000e\000n\000t\000s}{section.4}% 12
\BOOKMARK [2][-]{subsection.4.3}{\376\377\000A\000p\000r\000\350\000s\000\040\000i\000n\000t\000e\000r\000v\000e\000n\000t\000i\000o\000n}{section.4}% 13
\BOOKMARK [1][-]{section.5}{\376\377\000O\000u\000v\000e\000r\000t\000u\000r\000e\000\040\000d\000e\000\040\0002\000S}{}% 14
\BOOKMARK [2][-]{subsection.5.1}{\376\377\000D\000e\000s\000c\000r\000i\000p\000t\000i\000o\000n}{section.5}% 15
\BOOKMARK [2][-]{subsection.5.2}{\376\377\000D\000\351\000v\000e\000l\000o\000p\000p\000e\000m\000e\000n\000t\000s}{section.5}% 16
\BOOKMARK [2][-]{subsection.5.3}{\376\377\000A\000p\000r\000\350\000s\000\040\000i\000n\000t\000e\000r\000v\000e\000n\000t\000i\000o\000n}{section.5}% 17
\BOOKMARK [1][-]{section.6}{\376\377\000O\000u\000v\000e\000r\000t\000u\000r\000e\000\040\000d\000e\000\040\0002\000\040\000S\000A}{}% 18
\BOOKMARK [2][-]{subsection.6.1}{\376\377\000G\000r\000a\000n\000d\000e\000s\000\040\000l\000i\000g\000n\000e\000s\000\040\000-\000\040\0003\000C\000\040\000P\000u\000p\000p\000e\000t\000\040\000S\000t\000a\000y\000m\000a\000n\000\040\000-\000\040\0003\000D\000/\0003\000H\000\040\000T\000e\000x\000a\000s\000\040\000-\000\040\0003\000S\000\040\000T\000r\000a\000n\000s\000f\000e\000r\000\040\0003\000N\000T\000\040\000o\000r\000\040\000M\000i\000n\000o\000r\000s\000\040\000f\000o\000r\000c\000i\000n\000g\000\040\000-\000\040\000/\000!\000\040\0003\000N\000T\000\040\0005\000!\000S\000\040\0004\000!\000H\000\040\000-\000\040\0004\000x\000\040\000T\000r\000a\000n\000s\000f\000e\000r\000\040\000S\000I}{section.6}% 19
\BOOKMARK [1][-]{section.7}{\376\377\000D\000e\000f\000e\000n\000s\000e\000\040\000c\000o\000n\000t\000r\000e\000\040\0002\000x\000\040\000f\000a\000i\000b\000l\000e\000\040\000e\000n\000\040\000T\000e\000x\000a\000s\000\040\000o\000u\000\040\000f\000o\000r\000t}{}% 20
\BOOKMARK [1][-]{section.8}{\376\377\000D\000e\000f\000e\000n\000s\000e\000\040\000c\000o\000n\000t\000r\000e\000\040\0002\000!\000D\000\040\000M\000u\000l\000t\000i}{}% 21
\BOOKMARK [1][-]{section.9}{\376\377\000D\000e\000f\000e\000n\000s\000e\000\040\000c\000o\000n\000t\000r\000e\000\040\0002\000!\000C\000\040\000d\000'\000o\000u\000v\000e\000r\000t\000u\000r\000e\000\040\000F\000a\000i\000b\000l\000e\000\040\000!\000H\000!\000S\000\040\000o\000u\000\040\000f\000o\000r\000t}{}% 22
\BOOKMARK [1][-]{section.10}{\376\377\000D\000e\000f\000e\000n\000s\000e\000\040\000c\000o\000n\000t\000r\000e\000\040\0002\000!\000H\000\040\000f\000a\000i\000b\000l\000e\000\040\000a\000v\000e\000c\000\040\000l\000e\000s\000\040\0002\000\040\000m\000a\000j\000e\000u\000r\000e\000s\000\040}{}% 23
