\BOOKMARK [1][-]{section.1}{\376\377\000I\000n\000t\000r\000o\000d\000u\000c\000t\000i\000o\000n}{}% 1
\BOOKMARK [1][-]{section.2}{\376\377\000O\000u\000v\000e\000r\000t\000u\000r\000e\000\040\000d\000e\000\040\0001\000m}{}% 2
\BOOKMARK [2][-]{subsection.2.1}{\376\377\000T\000-\000W\000a\000l\000s\000h}{section.2}% 3
\BOOKMARK [3][-]{subsubsection.2.1.1}{\376\377\000L\000a\000\040\000s\000\351\000q\000u\000e\000n\000c\000e\000\040\0001\000C\000\040\000-\000\040\0001\000D}{subsection.2.1}% 4
\BOOKMARK [3][-]{subsubsection.2.1.2}{\376\377\000L\000a\000\040\000s\000\351\000q\000u\000e\000n\000c\000e\000\040\0001\000C\000\040\000-\000\040\0001\000H}{subsection.2.1}% 5
\BOOKMARK [3][-]{subsubsection.2.1.3}{\376\377\000L\000a\000\040\000s\000\351\000q\000u\000e\000n\000c\000e\000\040\0001\000C\000\040\000-\000\040\0001\000S}{subsection.2.1}% 6
\BOOKMARK [3][-]{subsubsection.2.1.4}{\376\377\000L\000a\000\040\000s\000\351\000q\000u\000e\000n\000c\000e\000\040\0001\000C\000\040\000-\000\040\0002\000C}{subsection.2.1}% 7
\BOOKMARK [3][-]{subsubsection.2.1.5}{\376\377\000L\000a\000\040\000s\000\351\000q\000u\000e\000n\000c\000e\000\040\0001\000C\000\040\000-\000\040\0002\000D}{subsection.2.1}% 8
\BOOKMARK [3][-]{subsubsection.2.1.6}{\376\377\000L\000a\000\040\000s\000\351\000q\000u\000e\000n\000c\000e\000\040\0001\000C\000\040\000-\000\040\0002\000H}{subsection.2.1}% 9
\BOOKMARK [3][-]{subsubsection.2.1.7}{\376\377\000L\000a\000\040\000s\000\351\000q\000u\000e\000n\000c\000e\000\040\0001\000C\000\040\000-\000\040\0002\000S}{subsection.2.1}% 10
\BOOKMARK [3][-]{subsubsection.2.1.8}{\376\377\000L\000a\000\040\000s\000\351\000q\000u\000e\000n\000c\000e\000\040\0001\000C\000\040\000-\000\040\0002\000N\000T}{subsection.2.1}% 11
\BOOKMARK [2][-]{subsection.2.2}{\376\377\000E\000n\000c\000h\000\350\000r\000e\000\040\000d\000u\000\040\000r\000\351\000p\000o\000n\000d\000a\000n\000t\000\040\000a\000p\000r\000\350\000s\000\040\000u\000n\000e\000\040\000i\000n\000v\000e\000r\000s\000\351\000e}{section.2}% 12
\BOOKMARK [1][-]{section.3}{\376\377\000O\000u\000v\000e\000r\000t\000u\000r\000e\000\040\000d\000e\000\040\0001\000M}{}% 13
\BOOKMARK [2][-]{subsection.3.1}{\376\377\0002\000N\000T\000\040\000F\000i\000t\000t\000\351\000\040\000p\000a\000r\000\040\0003\000\040\000c\000a\000r\000t\000e\000s\000\040\0001\0001\000+}{section.3}% 14
\BOOKMARK [3][-]{subsubsection.3.1.1}{\376\377\000A\000p\000r\000\350\000s\000\040\000i\000n\000t\000e\000r\000v\000e\000n\000t\000i\000o\000n}{subsection.3.1}% 15
\BOOKMARK [2][-]{subsection.3.2}{\376\377\0003\000C\000\040\000F\000i\000t\000t\000\351\000\040\000p\000a\000r\000\040\0004\000+\000\040\000c\000a\000r\000t\000e\000s\000\040\0001\0001\000+}{section.3}% 16
\BOOKMARK [2][-]{subsection.3.3}{\376\377\0003\000D\000\040\000F\000i\000t\000t\000\351\000\040\000p\000a\000r\000\040\0004\000\040\000c\000a\000r\000t\000e\000s\000,\000\040\0008\000-\0001\0000\000\040\000D\000H}{section.3}% 17
\BOOKMARK [2][-]{subsection.3.4}{\376\377\000L\000e\000\040\000G\000a\000z\000z\000i\000l\000i}{section.3}% 18
\BOOKMARK [1][-]{section.4}{\376\377\000O\000u\000v\000e\000r\000t\000u\000r\000e\000\040\000d\000e\000\040\0001\000N\000T}{}% 19
\BOOKMARK [2][-]{subsection.4.1}{\376\377\000S\000t\000a\000y\000m\000a\000n}{section.4}% 20
\BOOKMARK [2][-]{subsection.4.2}{\376\377\0001\000N\000T\000\040\000-\000\040\0002\000D\000\040\000:\000\040\000T\000e\000x\000a\000s\000\040\000H}{section.4}% 21
\BOOKMARK [2][-]{subsection.4.3}{\376\377\0001\000N\000T\000\040\000-\000\040\0002\000H\000\040\000:\000\040\000T\000e\000x\000a\000s\000\040\000S}{section.4}% 22
\BOOKMARK [2][-]{subsection.4.4}{\376\377\0001\000N\000T\000-\0002\000S\000\040\000:\000\040\000T\000e\000x\000a\000s\000\040\000C\000\040\000o\000u\000\040\0008\000-\0009\000H\000\040\000r\000\351\000g\000u\000l\000i\000e\000r}{section.4}% 23
\BOOKMARK [2][-]{subsection.4.5}{\376\377\0001\000N\000T\000-\0002\000N\000T\000\040\000:\000\040\000T\000e\000x\000a\000s\000\040\000D}{section.4}% 24
\BOOKMARK [2][-]{subsection.4.6}{\376\377\0001\000N\000T\000-\0003\000C\000\040\000:\000\040\000P\000u\000p\000p\000e\000t\000\040\000S\000t\000a\000y\000m\000a\000n}{section.4}% 25
\BOOKMARK [2][-]{subsection.4.7}{\376\377\0001\000N\000T\000-\0003\000H\000/\000S\000\040\000:\000\040\0005\000/\0004\000\040\000m\000i\000n\000e\000u\000r\000s\000\040\000c\000o\000u\000r\000t\000\040\000H\000/\000S}{section.4}% 26
\BOOKMARK [1][-]{section.5}{\376\377\000O\000u\000v\000e\000r\000t\000u\000r\000e\000\040\000d\000e\000\040\0002\000C}{}% 27
\BOOKMARK [2][-]{subsection.5.1}{\376\377\000D\000\351\000f\000i\000n\000i\000t\000i\000o\000n}{section.5}% 28
\BOOKMARK [2][-]{subsection.5.2}{\376\377\000A\000p\000r\000\350\000s\000\040\000i\000n\000t\000e\000r\000v\000e\000n\000t\000i\000o\000n}{section.5}% 29
\BOOKMARK [2][-]{subsection.5.3}{\376\377\000A\000p\000r\000\350\000s\000\040\000c\000o\000n\000t\000r\000e}{section.5}% 30
\BOOKMARK [1][-]{section.6}{\376\377\000O\000u\000v\000e\000r\000t\000u\000r\000e\000\040\000d\000e\000\040\0002\000D}{}% 31
\BOOKMARK [2][-]{subsection.6.1}{\376\377\000D\000\351\000f\000i\000n\000i\000t\000i\000o\000n}{section.6}% 32
\BOOKMARK [2][-]{subsection.6.2}{\376\377\000A\000p\000r\000\350\000s\000\040\000i\000n\000t\000e\000r\000v\000e\000n\000t\000i\000o\000n\000\040\000e\000n\000\040\0002\000e}{section.6}% 33
\BOOKMARK [3][-]{subsubsection.6.2.1}{\376\377\000C\000o\000n\000t\000r\000e}{subsection.6.2}% 34
\BOOKMARK [3][-]{subsubsection.6.2.2}{\376\377\000P\000a\000s\000s\000e\000\040\000R\000A\000S}{subsection.6.2}% 35
\BOOKMARK [3][-]{subsubsection.6.2.3}{\376\377\0003\000C\000D\000H\000S\000\040\000T\000r\000a\000n\000s\000f\000e\000r\000t\000s\000\040\000\050\000T\000r\000a\000n\000s\000f\000e\000r\000t\000\040\000c\000u\000e\000\040\000-\000\040\000T\000r\000i\000c\000o\000l\000o\000r\000e\000\040\000c\000o\000u\000r\000t\000\051}{subsection.6.2}% 36
\BOOKMARK [3][-]{subsubsection.6.2.4}{\376\377\0002\000N\000T\000\040\000B\000i\000c\000o\000l\000o\000r\000e\000\040\000m\000i\000n\000e\000u\000r}{subsection.6.2}% 37
\BOOKMARK [3][-]{subsubsection.6.2.5}{\376\377\000A\000p\000r\000\350\000s\000\040\0002\000D\000\040\000-\000\040\000X}{subsection.6.2}% 38
\BOOKMARK [2][-]{subsection.6.3}{\376\377\000A\000p\000r\000\350\000s\000\040\000i\000n\000t\000e\000r\000v\000e\000n\000t\000i\000o\000n\000\040\000e\000n\000\040\0004\000e}{section.6}% 39
\BOOKMARK [2][-]{subsection.6.4}{\376\377\000C\000o\000r\000o\000l\000l\000a\000i\000r\000e\000s\000\040\000\050\000\340\000\040\000v\000\351\000r\000i\000f\000i\000e\000r\000\040\000a\000v\000e\000c\000\040\000G\000a\000z\000i\000l\000l\000i\000\040\000!\000\051}{section.6}% 40
\BOOKMARK [1][-]{section.7}{\376\377\000O\000u\000v\000e\000r\000t\000u\000r\000e\000\040\000d\000e\000\040\0002\000H\000\040\000e\000t\000\040\0002\000S}{}% 41
\BOOKMARK [1][-]{section.8}{\376\377\000O\000u\000v\000e\000r\000t\000u\000r\000e\000\040\000d\000e\000\040\0002\000N\000T}{}% 42
\BOOKMARK [2][-]{subsection.8.1}{\376\377\000L\000e\000\040\000P\000u\000p\000p\000e\000t\000\040\000S\000t\000a\000y\000m\000a\000n}{section.8}% 43
\BOOKMARK [2][-]{subsection.8.2}{\376\377\000L\000e\000s\000\040\000T\000e\000x\000a\000s}{section.8}% 44
\BOOKMARK [2][-]{subsection.8.3}{\376\377\000A\000u\000t\000r\000e\000s\000\040\000r\000\351\000p\000o\000n\000s\000e\000s}{section.8}% 45
\BOOKMARK [1][-]{section.9}{\376\377\000C\000a\000c\000h\000a\000l\000o\000t}{}% 46
\BOOKMARK [2][-]{subsection.9.1}{\376\377\000C\000o\000n\000d\000i\000t\000i\000o\000n\000s\000\040\000d\000'\000e\000m\000p\000l\000o\000i\000\040\000e\000t\000\040\000d\000\351\000f\000i\000n\000i\000t\000i\000o\000n}{section.9}% 47
\BOOKMARK [2][-]{subsection.9.2}{\376\377\000A\000t\000t\000i\000t\000u\000d\000e\000\040\000d\000e\000\040\000l\040\031\000o\000u\000v\000r\000e\000u\000r\000.\000\040\000L\000e\000\040\000r\000\351\000p\000o\000n\000d\000a\000n\000t\000\040\000a\000\040\000n\000o\000m\000m\000\351\000\040\000u\000n\000e\000\040\000m\000a\000j\000e\000u\000r\000e}{section.9}% 48
\BOOKMARK [2][-]{subsection.9.3}{\376\377\000D\000\351\000v\000e\000l\000o\000p\000p\000e\000m\000e\000n\000t\000s\000\040\000a\000p\000r\000\350\000s\000\040\000u\000n\000e\000\040\000r\000e\000d\000e\000m\000a\000n\000d\000e\000\040\000\340\000\040\0001\000N\000T}{section.9}% 49
\BOOKMARK [2][-]{subsection.9.4}{\376\377\000D\000\351\000v\000e\000l\000o\000p\000p\000e\000m\000e\000n\000t\000s\000\040\000a\000p\000r\000\350\000s\000\040\0001\000C\000-\000\050\0001\000D\000\051\000-\000D\000b\000l\000-\000\050\000P\000a\000s\000s\000\051\000-\0001\000H}{section.9}% 50
\BOOKMARK [3][-]{subsubsection.9.4.1}{\376\377\000R\000e\000t\000r\000o\000u\000v\000e\000r\000\040\000u\000n\000\040\000s\000o\000u\000t\000i\000e\000n\000\040\000S\000\040\000d\000e\000\040\000l\000a\000\040\000b\000o\000n\000n\000e\000\040\000m\000a\000i\000n}{subsection.9.4}% 51
\BOOKMARK [3][-]{subsubsection.9.4.2}{\376\377\000L\000e\000\040\000r\000\351\000p\000o\000n\000d\000a\000n\000t\000\040\000a\000\040\0005\000\040\000c\000a\000r\000t\000e\000s\000\040\000\340\000\040\000H\000\040\000\050\000s\000a\000n\000s\000\040\0004\000\040\000c\000a\000r\000t\000e\000s\000\040\000\340\000\040\000S\000\051}{subsection.9.4}% 52
\BOOKMARK [3][-]{subsubsection.9.4.3}{\376\377\000L\000e\000\040\000r\000\351\000p\000o\000n\000d\000a\000n\000t\000\040\000e\000x\000p\000r\000i\000m\000e\000\040\000s\000o\000n\000\040\000s\000o\000u\000t\000i\000e\000n\000\040\000\340\000\040\000C}{subsection.9.4}% 53
\BOOKMARK [3][-]{subsubsection.9.4.4}{\376\377\000L\000e\000\040\000r\000\351\000p\000o\000n\000d\000a\000n\000t\000\040\000u\000t\000i\000l\000i\000s\000e\000\040\000l\000e\000\040\000r\000e\000l\000a\000i\000s\000\040\000\340\000\040\0001\000\040\000S}{subsection.9.4}% 54
\BOOKMARK [3][-]{subsubsection.9.4.5}{\376\377\000L\000e\000\040\000r\000\351\000p\000o\000n\000d\000a\000n\000t\000\040\000u\000t\000i\000l\000i\000s\000e\000\040\000l\000e\000\040\000c\000u\000e\000-\000b\000i\000d\000\040\000\340\000\040\0002\000\040\000D}{subsection.9.4}% 55
\BOOKMARK [2][-]{subsection.9.5}{\376\377\000D\000\351\000v\000e\000l\000o\000p\000p\000e\000m\000e\000n\000t\000s\000\040\000a\000p\000r\000\350\000s\000\040\0001\000C\000-\000\050\0001\000D\000\051\000-\0001\000H\000-\000\050\000P\000a\000s\000s\000\051\000-\0001\000S}{section.9}% 56
\BOOKMARK [3][-]{subsubsection.9.5.1}{\376\377\000E\000x\000p\000r\000i\000m\000e\000r\000\040\000u\000n\000\040\000s\000o\000u\000t\000i\000e\000n\000\040\000S}{subsection.9.5}% 57
\BOOKMARK [3][-]{subsubsection.9.5.2}{\376\377\000E\000x\000p\000r\000i\000m\000e\000r\000\040\000s\000o\000n\000\040\000s\000o\000u\000t\000i\000e\000n\000\040\000\340\000\040\000C}{subsection.9.5}% 58
\BOOKMARK [3][-]{subsubsection.9.5.3}{\376\377\000E\000x\000p\000r\000i\000m\000e\000r\000\040\0004\000\040\000c\000a\000r\000t\000e\000s\000\040\000\340\000\040\000H}{subsection.9.5}% 59
\BOOKMARK [3][-]{subsubsection.9.5.4}{\376\377\000L\000e\000\040\000r\000e\000l\000a\000i\000s\000\040\000\340\000\040\0001\000N\000T}{subsection.9.5}% 60
\BOOKMARK [3][-]{subsubsection.9.5.5}{\376\377\000L\000e\000\040\000c\000u\000e\000-\000b\000i\000d\000\040\000\340\000\040\0002\000\040\000D}{subsection.9.5}% 61
\BOOKMARK [2][-]{subsection.9.6}{\376\377\000D\000\351\000v\000e\000l\000o\000p\000p\000e\000m\000e\000n\000t\000s\000\040\000a\000p\000r\000\350\000s\000\040\0001\000C\000-\000\050\0001\000H\000\051\000-\000D\000b\000l\000-\000\050\000P\000a\000s\000s\000\051\000-\0001\000S}{section.9}% 62
\BOOKMARK [2][-]{subsection.9.7}{\376\377\000D\000\351\000v\000e\000l\000o\000p\000p\000e\000m\000e\000n\000t\000s\000\040\000a\000p\000r\000\350\000s\000\040\000u\000n\000e\000\040\000e\000n\000c\000h\000\350\000r\000e\000\040\000a\000u\000\040\000n\000i\000v\000e\000a\000u\000\040\000d\000e\000\040\0002}{section.9}% 63
\BOOKMARK [1][-]{section.10}{\376\377\000D\000\351\000f\000e\000n\000s\000e\000\040\000s\000u\000r\000\040\000l\000e\000s\000\040\000o\000u\000v\000e\000r\000t\000u\000r\000e\000s\000\040\000M\000u\000l\000t\000i}{}% 64
\BOOKMARK [2][-]{subsection.10.1}{\376\377\0002\000C\000\040\000m\000u\000l\000t\000i\000\040\000\050\000l\000e\000s\000\040\000d\000e\000u\000x\000\040\000M\000\040\000f\000a\000i\000b\000l\000e\000s\000\040\000o\000u\000\040\000f\000o\000r\000t\000\051}{section.10}% 65
\BOOKMARK [2][-]{subsection.10.2}{\376\377\0002\000D\000\040\000M\000u\000l\000t\000i\000\040\000\050\000u\000n\000i\000c\000o\000l\000o\000r\000e\000\040\000M\000\040\000f\000a\000i\000b\000l\000e\000\040\000o\000u\000\040\000f\000o\000r\000t\000\051}{section.10}% 66
\BOOKMARK [2][-]{subsection.10.3}{\376\377\0002\000H\000\040\000E\000k\000r\000e\000n\000\040\000\050\000l\000e\000s\000\040\000d\000e\000u\000x\000\040\000M\000\040\000f\000a\000i\000b\000l\000e\000\051}{section.10}% 67
\BOOKMARK [2][-]{subsection.10.4}{\376\377\0002\000H\000\040\000M\000u\000l\000t\000i\000\040\000\050\000F\000a\000i\000b\000l\000e\000\040\000S\000\040\000o\000u\000\040\000S\000\040\000+\000\040\000m\000\040\000o\000u\000\040\000f\000o\000r\000t\000\051}{section.10}% 68
\BOOKMARK [2][-]{subsection.10.5}{\376\377\0002\000S\000\040\000M\000u\000l\000t\000i\000\040\000\050\000l\000e\000s\000\040\000d\000e\000u\000x\000\040\000m\000i\000n\000e\000u\000r\000e\000s\000\040\000f\000a\000i\000b\000l\000e\000\040\000o\000u\000\040\000f\000o\000r\000t\000\051}{section.10}% 69
\BOOKMARK [2][-]{subsection.10.6}{\376\377\000O\000u\000v\000e\000r\000t\000u\000r\000e\000\040\000d\000e\000\040\0003\000X\000\040\000e\000n\000\040\000T\000e\000x\000a\000s}{section.10}% 70
\BOOKMARK [1][-]{section.11}{\376\377\000D\000\351\000f\000e\000n\000s\000e\000\040\000s\000u\000r\000\040\0001\000S\000A}{}% 71
\BOOKMARK [2][-]{subsection.11.1}{\376\377\000S\000u\000r\000\040\000l\000e\000\040\000S\000A\000\040\000f\000o\000r\000t}{section.11}% 72
\BOOKMARK [2][-]{subsection.11.2}{\376\377\000S\000u\000r\000\040\000l\000e\000\040\000S\000A\000\040\000f\000a\000i\000b\000l\000e}{section.11}% 73
\BOOKMARK [2][-]{subsection.11.3}{\376\377\000R\000\351\000p\000o\000n\000s\000e\000s\000\040\000\340\000\040\000l\000'\000i\000n\000t\000e\000r\000v\000e\000n\000t\000i\000o\000n\000\040\000d\000'\0001\000N\000T}{section.11}% 74
\BOOKMARK [2][-]{subsection.11.4}{\376\377\000E\000n\000\040\000r\000\351\000v\000e\000i\000l}{section.11}% 75
\BOOKMARK [1][-]{section.12}{\376\377\000L\000e\000s\000\040\000b\000a\000r\000r\000a\000g\000e\000s\000\040\000e\000t\000\040\000o\000u\000v\000e\000r\000t\000u\000r\000e\000s\000\040\000\340\000\040\000h\000a\000u\000t\000\040\000p\000a\000l\000i\000e\000r}{}% 76
\BOOKMARK [2][-]{subsection.12.1}{\376\377\000N\000a\000m\000y\000a\000t\000s\000\040\0004\000C\000/\0004\000D}{section.12}% 77
\BOOKMARK [2][-]{subsection.12.2}{\376\377\0003\000S\000A}{section.12}% 78
\BOOKMARK [1][-]{section.13}{\376\377\000E\000n\000c\000h\000\350\000r\000e\000s\000\040\000a\000p\000r\000\350\000s\000\040\000p\000a\000s\000s\000e}{}% 79
\BOOKMARK [2][-]{subsection.13.1}{\376\377\000A\000p\000r\000\350\000s\000\040\000i\000n\000t\000e\000r\000v\000e\000n\000t\000i\000o\000n}{section.13}% 80
\BOOKMARK [1][-]{section.14}{\376\377\000E\000n\000c\000h\000\350\000r\000e\000s\000\040\000d\000e\000\040\000c\000h\000e\000l\000e\000m}{}% 81
\BOOKMARK [1][-]{section.15}{\376\377\000J\000e\000u\000\040\000d\000e\000\040\000l\000a\000\040\000c\000a\000r\000t\000e}{}% 82
\BOOKMARK [2][-]{subsection.15.1}{\376\377\000L\000'\000e\000n\000t\000a\000m\000e}{section.15}% 83
\BOOKMARK [3][-]{subsubsection.15.1.1}{\376\377\000E\000n\000t\000a\000m\000e\000\040\000\340\000\040\000S\000A}{subsection.15.1}% 84
\BOOKMARK [3][-]{subsubsection.15.1.2}{\376\377\000E\000n\000t\000a\000m\000e\000\040\000\340\000\040\000l\000a\000\040\000c\000o\000u\000l\000e\000u\000r}{subsection.15.1}% 85
\BOOKMARK [3][-]{subsubsection.15.1.3}{\376\377\000D\000a\000n\000s\000\040\000l\000e\000\040\000c\000o\000u\000r\000s\000\040\000d\000u\000\040\000j\000e\000u}{subsection.15.1}% 86
